2026-03-29 04:14:59 [main] INFO  c.r.s.SpringLabApplicationTests - Starting SpringLabApplicationTests using Java 26 with PID 12128 (started by biaso in E:\Projects & Studies\Studies\Spring Boot LAB\spring-lab)
2026-03-29 04:14:59 [main] DEBUG c.r.s.SpringLabApplicationTests - Running with Spring Boot v3.2.4, Spring v6.1.5
2026-03-29 04:14:59 [main] INFO  c.r.s.SpringLabApplicationTests - No active profile set, falling back to 1 default profile: "default"
2026-03-29 04:14:59 [main] INFO  o.s.d.r.c.RepositoryConfigurationDelegate - Bootstrapping Spring Data JPA repositories in DEFAULT mode.
2026-03-29 04:14:59 [main] INFO  o.s.d.r.c.RepositoryConfigurationDelegate - Finished Spring Data repository scanning in 30 ms. Found 1 JPA repository interface.
2026-03-29 04:15:00 [main] INFO  o.h.jpa.internal.util.LogHelper - HHH000204: Processing PersistenceUnitInfo [name: default]
2026-03-29 04:15:00 [main] INFO  org.hibernate.Version - HHH000412: Hibernate ORM core version 6.4.4.Final
2026-03-29 04:15:00 [main] INFO  o.h.c.i.RegionFactoryInitiator - HHH000026: Second-level cache disabled
2026-03-29 04:15:00 [main] INFO  o.s.o.j.p.SpringPersistenceUnitInfo - No LoadTimeWeaver setup: ignoring JPA class transformer
2026-03-29 04:15:00 [main] INFO  com.zaxxer.hikari.HikariDataSource - HikariPool-1 - Starting...
2026-03-29 04:15:00 [main] INFO  com.zaxxer.hikari.pool.HikariPool - HikariPool-1 - Added connection conn0: url=jdbc:h2:mem:springlabdb user=SA
2026-03-29 04:15:00 [main] INFO  com.zaxxer.hikari.HikariDataSource - HikariPool-1 - Start completed.
2026-03-29 04:15:00 [main] WARN  org.hibernate.orm.deprecation - HHH90000025: H2Dialect does not need to be specified explicitly using 'hibernate.dialect' (remove the property setting and it will be selected by default)
2026-03-29 04:15:01 [main] INFO  o.h.e.t.j.p.i.JtaPlatformInitiator - HHH000489: No JTA platform available (set 'hibernate.transaction.jta.platform' to enable JTA platform integration)
2026-03-29 04:15:01 [main] DEBUG org.hibernate.SQL - 
    drop table if exists products cascade 
2026-03-29 04:15:01 [main] DEBUG org.hibernate.SQL - 
    create table products (
        active boolean,
        price numeric(10,2) not null,
        stock_quantity integer,
        created_at timestamp(6) not null,
        id bigint generated by default as identity,
        updated_at timestamp(6),
        sku varchar(50) not null unique,
        category varchar(100),
        name varchar(200) not null,
        description TEXT,
        primary key (id)
    )
2026-03-29 04:15:01 [main] DEBUG org.hibernate.SQL - 
    create index idx_products_name 
       on products (name)
2026-03-29 04:15:01 [main] DEBUG org.hibernate.SQL - 
    create index idx_products_category 
       on products (category)
2026-03-29 04:15:01 [main] INFO  o.s.o.j.LocalContainerEntityManagerFactoryBean - Initialized JPA EntityManagerFactory for persistence unit 'default'
2026-03-29 04:15:01 [main] INFO  o.s.d.j.r.query.QueryEnhancerFactory - Hibernate is in classpath; If applicable, HQL parser will be used.
2026-03-29 04:15:02 [main] INFO  o.s.b.a.h.H2ConsoleAutoConfiguration - H2 console available at '/h2-console'. Database available at 'jdbc:h2:mem:springlabdb'
2026-03-29 04:15:02 [main] INFO  c.r.s.SpringLabApplicationTests - Started SpringLabApplicationTests in 3.276 seconds (process running for 3.902)
2026-03-29 04:15:02 [SpringApplicationShutdownHook] INFO  o.s.o.j.LocalContainerEntityManagerFactoryBean - Closing JPA EntityManagerFactory for persistence unit 'default'
2026-03-29 04:15:02 [SpringApplicationShutdownHook] DEBUG org.hibernate.SQL - 
    drop table if exists products cascade 
2026-03-29 04:15:02 [SpringApplicationShutdownHook] INFO  com.zaxxer.hikari.HikariDataSource - HikariPool-1 - Shutdown initiated...
2026-03-29 04:15:02 [SpringApplicationShutdownHook] INFO  com.zaxxer.hikari.HikariDataSource - HikariPool-1 - Shutdown completed.
2026-03-29 04:15:09 [restartedMain] INFO  c.r.spring_lab.SpringLabApplication - Starting SpringLabApplication using Java 26 with PID 4216 (E:\Projects & Studies\Studies\Spring Boot LAB\spring-lab\target\classes started by biaso in E:\Projects & Studies\Studies\Spring Boot LAB\spring-lab)
2026-03-29 04:15:09 [restartedMain] DEBUG c.r.spring_lab.SpringLabApplication - Running with Spring Boot v3.2.4, Spring v6.1.5
2026-03-29 04:15:09 [restartedMain] INFO  c.r.spring_lab.SpringLabApplication - No active profile set, falling back to 1 default profile: "default"
2026-03-29 04:15:09 [restartedMain] INFO  o.s.b.d.e.DevToolsPropertyDefaultsPostProcessor - Devtools property defaults active! Set 'spring.devtools.add-properties' to 'false' to disable
2026-03-29 04:15:09 [restartedMain] INFO  o.s.b.d.e.DevToolsPropertyDefaultsPostProcessor - For additional web related logging consider setting the 'logging.level.web' property to 'DEBUG'
2026-03-29 04:15:09 [restartedMain] INFO  o.s.d.r.c.RepositoryConfigurationDelegate - Bootstrapping Spring Data JPA repositories in DEFAULT mode.
2026-03-29 04:15:10 [restartedMain] INFO  o.s.d.r.c.RepositoryConfigurationDelegate - Finished Spring Data repository scanning in 26 ms. Found 1 JPA repository interface.
2026-03-29 04:15:10 [restartedMain] INFO  o.s.b.w.e.tomcat.TomcatWebServer - Tomcat initialized with port 8080 (http)
2026-03-29 04:15:10 [restartedMain] INFO  o.a.catalina.core.StandardService - Starting service [Tomcat]
2026-03-29 04:15:10 [restartedMain] INFO  o.a.catalina.core.StandardEngine - Starting Servlet engine: [Apache Tomcat/10.1.19]
2026-03-29 04:15:10 [restartedMain] INFO  o.a.c.c.C.[Tomcat].[localhost].[/] - Initializing Spring embedded WebApplicationContext
2026-03-29 04:15:10 [restartedMain] INFO  o.s.b.w.s.c.ServletWebServerApplicationContext - Root WebApplicationContext: initialization completed in 796 ms
2026-03-29 04:15:10 [restartedMain] INFO  com.zaxxer.hikari.HikariDataSource - HikariPool-1 - Starting...
2026-03-29 04:15:10 [restartedMain] INFO  com.zaxxer.hikari.pool.HikariPool - HikariPool-1 - Added connection conn0: url=jdbc:h2:mem:springlabdb user=SA
2026-03-29 04:15:10 [restartedMain] INFO  com.zaxxer.hikari.HikariDataSource - HikariPool-1 - Start completed.
2026-03-29 04:15:10 [restartedMain] INFO  o.s.b.a.h.H2ConsoleAutoConfiguration - H2 console available at '/h2-console'. Database available at 'jdbc:h2:mem:springlabdb'
2026-03-29 04:15:10 [restartedMain] INFO  o.h.jpa.internal.util.LogHelper - HHH000204: Processing PersistenceUnitInfo [name: default]
2026-03-29 04:15:10 [restartedMain] INFO  org.hibernate.Version - HHH000412: Hibernate ORM core version 6.4.4.Final
2026-03-29 04:15:10 [restartedMain] INFO  o.h.c.i.RegionFactoryInitiator - HHH000026: Second-level cache disabled
2026-03-29 04:15:10 [restartedMain] INFO  o.s.o.j.p.SpringPersistenceUnitInfo - No LoadTimeWeaver setup: ignoring JPA class transformer
2026-03-29 04:15:10 [restartedMain] WARN  org.hibernate.orm.deprecation - HHH90000025: H2Dialect does not need to be specified explicitly using 'hibernate.dialect' (remove the property setting and it will be selected by default)
2026-03-29 04:15:11 [restartedMain] INFO  o.h.e.t.j.p.i.JtaPlatformInitiator - HHH000489: No JTA platform available (set 'hibernate.transaction.jta.platform' to enable JTA platform integration)
2026-03-29 04:15:11 [restartedMain] DEBUG org.hibernate.SQL - 
    drop table if exists products cascade 
2026-03-29 04:15:11 [restartedMain] DEBUG org.hibernate.SQL - 
    create table products (
        active boolean,
        price numeric(10,2) not null,
        stock_quantity integer,
        created_at timestamp(6) not null,
        id bigint generated by default as identity,
        updated_at timestamp(6),
        sku varchar(50) not null unique,
        category varchar(100),
        name varchar(200) not null,
        description TEXT,
        primary key (id)
    )
2026-03-29 04:15:11 [restartedMain] DEBUG org.hibernate.SQL - 
    create index idx_products_name 
       on products (name)
2026-03-29 04:15:11 [restartedMain] DEBUG org.hibernate.SQL - 
    create index idx_products_category 
       on products (category)
2026-03-29 04:15:11 [restartedMain] INFO  o.s.o.j.LocalContainerEntityManagerFactoryBean - Initialized JPA EntityManagerFactory for persistence unit 'default'
2026-03-29 04:15:11 [restartedMain] INFO  o.s.d.j.r.query.QueryEnhancerFactory - Hibernate is in classpath; If applicable, HQL parser will be used.
2026-03-29 04:15:12 [restartedMain] INFO  o.s.b.d.a.OptionalLiveReloadServer - LiveReload server is running on port 35729
2026-03-29 04:15:12 [restartedMain] INFO  o.s.b.w.e.tomcat.TomcatWebServer - Tomcat started on port 8080 (http) with context path ''
2026-03-29 04:15:12 [restartedMain] INFO  c.r.spring_lab.SpringLabApplication - Started SpringLabApplication in 2.812 seconds (process running for 3.058)
2026-03-29 04:17:12 [restartedMain] INFO  c.r.spring_lab.SpringLabApplication - Starting SpringLabApplication using Java 26 with PID 9476 (E:\Projects & Studies\Studies\Spring Boot LAB\spring-lab\target\classes started by biaso in E:\Projects & Studies\Studies\Spring Boot LAB\spring-lab)
2026-03-29 04:17:12 [restartedMain] DEBUG c.r.spring_lab.SpringLabApplication - Running with Spring Boot v3.2.4, Spring v6.1.5
2026-03-29 04:17:12 [restartedMain] INFO  c.r.spring_lab.SpringLabApplication - No active profile set, falling back to 1 default profile: "default"
2026-03-29 04:17:12 [restartedMain] INFO  o.s.b.d.e.DevToolsPropertyDefaultsPostProcessor - Devtools property defaults active! Set 'spring.devtools.add-properties' to 'false' to disable
2026-03-29 04:17:12 [restartedMain] INFO  o.s.b.d.e.DevToolsPropertyDefaultsPostProcessor - For additional web related logging consider setting the 'logging.level.web' property to 'DEBUG'
2026-03-29 04:17:13 [restartedMain] INFO  o.s.d.r.c.RepositoryConfigurationDelegate - Bootstrapping Spring Data JPA repositories in DEFAULT mode.
2026-03-29 04:17:13 [restartedMain] INFO  o.s.d.r.c.RepositoryConfigurationDelegate - Finished Spring Data repository scanning in 35 ms. Found 1 JPA repository interface.
2026-03-29 04:17:13 [restartedMain] INFO  o.s.b.w.e.tomcat.TomcatWebServer - Tomcat initialized with port 8080 (http)
2026-03-29 04:17:13 [restartedMain] INFO  o.a.catalina.core.StandardService - Starting service [Tomcat]
2026-03-29 04:17:13 [restartedMain] INFO  o.a.catalina.core.StandardEngine - Starting Servlet engine: [Apache Tomcat/10.1.19]
2026-03-29 04:17:13 [restartedMain] INFO  o.a.c.c.C.[Tomcat].[localhost].[/] - Initializing Spring embedded WebApplicationContext
2026-03-29 04:17:13 [restartedMain] INFO  o.s.b.w.s.c.ServletWebServerApplicationContext - Root WebApplicationContext: initialization completed in 1073 ms
2026-03-29 04:17:13 [restartedMain] INFO  com.zaxxer.hikari.HikariDataSource - HikariPool-1 - Starting...
2026-03-29 04:17:13 [restartedMain] INFO  com.zaxxer.hikari.pool.HikariPool - HikariPool-1 - Added connection conn0: url=jdbc:h2:mem:springlabdb user=SA
2026-03-29 04:17:13 [restartedMain] INFO  com.zaxxer.hikari.HikariDataSource - HikariPool-1 - Start completed.
2026-03-29 04:17:13 [restartedMain] INFO  o.s.b.a.h.H2ConsoleAutoConfiguration - H2 console available at '/h2-console'. Database available at 'jdbc:h2:mem:springlabdb'
2026-03-29 04:17:14 [restartedMain] INFO  o.h.jpa.internal.util.LogHelper - HHH000204: Processing PersistenceUnitInfo [name: default]
2026-03-29 04:17:14 [restartedMain] INFO  org.hibernate.Version - HHH000412: Hibernate ORM core version 6.4.4.Final
2026-03-29 04:17:14 [restartedMain] INFO  o.h.c.i.RegionFactoryInitiator - HHH000026: Second-level cache disabled
2026-03-29 04:17:14 [restartedMain] INFO  o.s.o.j.p.SpringPersistenceUnitInfo - No LoadTimeWeaver setup: ignoring JPA class transformer
2026-03-29 04:17:14 [restartedMain] WARN  org.hibernate.orm.deprecation - HHH90000025: H2Dialect does not need to be specified explicitly using 'hibernate.dialect' (remove the property setting and it will be selected by default)
2026-03-29 04:17:14 [restartedMain] INFO  o.h.e.t.j.p.i.JtaPlatformInitiator - HHH000489: No JTA platform available (set 'hibernate.transaction.jta.platform' to enable JTA platform integration)
2026-03-29 04:17:14 [restartedMain] DEBUG org.hibernate.SQL - 
    drop table if exists products cascade 
2026-03-29 04:17:14 [restartedMain] DEBUG org.hibernate.SQL - 
    create table products (
        active boolean,
        price numeric(10,2) not null,
        stock_quantity integer,
        created_at timestamp(6) not null,
        id bigint generated by default as identity,
        updated_at timestamp(6),
        sku varchar(50) not null unique,
        category varchar(100),
        name varchar(200) not null,
        description TEXT,
        primary key (id)
    )
2026-03-29 04:17:14 [restartedMain] DEBUG org.hibernate.SQL - 
    create index idx_products_name 
       on products (name)
2026-03-29 04:17:14 [restartedMain] DEBUG org.hibernate.SQL - 
    create index idx_products_category 
       on products (category)
2026-03-29 04:17:14 [restartedMain] INFO  o.s.o.j.LocalContainerEntityManagerFactoryBean - Initialized JPA EntityManagerFactory for persistence unit 'default'
2026-03-29 04:17:15 [restartedMain] INFO  o.s.d.j.r.query.QueryEnhancerFactory - Hibernate is in classpath; If applicable, HQL parser will be used.
2026-03-29 04:17:15 [restartedMain] INFO  o.s.b.d.a.OptionalLiveReloadServer - LiveReload server is running on port 35729
2026-03-29 04:17:15 [restartedMain] INFO  o.s.b.w.e.tomcat.TomcatWebServer - Tomcat started on port 8080 (http) with context path ''
2026-03-29 04:17:15 [restartedMain] INFO  c.r.spring_lab.SpringLabApplication - Started SpringLabApplication in 3.565 seconds (process running for 3.951)
2026-03-29 04:17:54 [http-nio-8080-exec-1] INFO  o.a.c.c.C.[Tomcat].[localhost].[/] - Initializing Spring DispatcherServlet 'dispatcherServlet'
2026-03-29 04:17:54 [http-nio-8080-exec-1] INFO  o.s.web.servlet.DispatcherServlet - Initializing Servlet 'dispatcherServlet'
2026-03-29 04:17:54 [http-nio-8080-exec-1] INFO  o.s.web.servlet.DispatcherServlet - Completed initialization in 1 ms
2026-03-29 04:17:54 [http-nio-8080-exec-1] DEBUG org.hibernate.SQL - 
    /* <criteria> */ select
        p1_0.id,
        p1_0.active,
        p1_0.category,
        p1_0.created_at,
        p1_0.description,
        p1_0.name,
        p1_0.price,
        p1_0.sku,
        p1_0.stock_quantity,
        p1_0.updated_at 
    from
        products p1_0 
    where
        p1_0.active 
    offset
        ? rows 
    fetch
        first ? rows only
2026-03-29 04:30:24 [restartedMain] INFO  c.r.spring_lab.SpringLabApplication - Starting SpringLabApplication using Java 26 with PID 11780 (E:\Projects & Studies\Studies\Spring Boot LAB\spring-lab\target\classes started by biaso in E:\Projects & Studies\Studies\Spring Boot LAB\spring-lab)
2026-03-29 04:30:24 [restartedMain] DEBUG c.r.spring_lab.SpringLabApplication - Running with Spring Boot v3.2.4, Spring v6.1.5
2026-03-29 04:30:24 [restartedMain] INFO  c.r.spring_lab.SpringLabApplication - No active profile set, falling back to 1 default profile: "default"
2026-03-29 04:30:24 [restartedMain] INFO  o.s.b.d.e.DevToolsPropertyDefaultsPostProcessor - Devtools property defaults active! Set 'spring.devtools.add-properties' to 'false' to disable
2026-03-29 04:30:24 [restartedMain] INFO  o.s.b.d.e.DevToolsPropertyDefaultsPostProcessor - For additional web related logging consider setting the 'logging.level.web' property to 'DEBUG'
2026-03-29 04:30:24 [restartedMain] INFO  o.s.d.r.c.RepositoryConfigurationDelegate - Bootstrapping Spring Data JPA repositories in DEFAULT mode.
2026-03-29 04:30:24 [restartedMain] INFO  o.s.d.r.c.RepositoryConfigurationDelegate - Finished Spring Data repository scanning in 34 ms. Found 1 JPA repository interface.
2026-03-29 04:30:25 [restartedMain] INFO  o.s.b.w.e.tomcat.TomcatWebServer - Tomcat initialized with port 8080 (http)
2026-03-29 04:30:25 [restartedMain] INFO  o.a.catalina.core.StandardService - Starting service [Tomcat]
2026-03-29 04:30:25 [restartedMain] INFO  o.a.catalina.core.StandardEngine - Starting Servlet engine: [Apache Tomcat/10.1.19]
2026-03-29 04:30:25 [restartedMain] INFO  o.a.c.c.C.[Tomcat].[localhost].[/] - Initializing Spring embedded WebApplicationContext
2026-03-29 04:30:25 [restartedMain] INFO  o.s.b.w.s.c.ServletWebServerApplicationContext - Root WebApplicationContext: initialization completed in 1164 ms
2026-03-29 04:30:25 [restartedMain] INFO  com.zaxxer.hikari.HikariDataSource - HikariPool-1 - Starting...
2026-03-29 04:30:25 [restartedMain] INFO  com.zaxxer.hikari.pool.HikariPool - HikariPool-1 - Added connection conn0: url=jdbc:h2:mem:springlabdb user=SA
2026-03-29 04:30:25 [restartedMain] INFO  com.zaxxer.hikari.HikariDataSource - HikariPool-1 - Start completed.
2026-03-29 04:30:25 [restartedMain] INFO  o.s.b.a.h.H2ConsoleAutoConfiguration - H2 console available at '/h2-console'. Database available at 'jdbc:h2:mem:springlabdb'
2026-03-29 04:30:25 [restartedMain] INFO  o.h.jpa.internal.util.LogHelper - HHH000204: Processing PersistenceUnitInfo [name: default]
2026-03-29 04:30:25 [restartedMain] INFO  org.hibernate.Version - HHH000412: Hibernate ORM core version 6.4.4.Final
2026-03-29 04:30:25 [restartedMain] INFO  o.h.c.i.RegionFactoryInitiator - HHH000026: Second-level cache disabled
2026-03-29 04:30:25 [restartedMain] INFO  o.s.o.j.p.SpringPersistenceUnitInfo - No LoadTimeWeaver setup: ignoring JPA class transformer
2026-03-29 04:30:25 [restartedMain] WARN  org.hibernate.orm.deprecation - HHH90000025: H2Dialect does not need to be specified explicitly using 'hibernate.dialect' (remove the property setting and it will be selected by default)
2026-03-29 04:30:26 [restartedMain] INFO  o.h.e.t.j.p.i.JtaPlatformInitiator - HHH000489: No JTA platform available (set 'hibernate.transaction.jta.platform' to enable JTA platform integration)
2026-03-29 04:30:26 [restartedMain] DEBUG org.hibernate.SQL - 
    drop table if exists products cascade 
2026-03-29 04:30:26 [restartedMain] DEBUG org.hibernate.SQL - 
    create table products (
        active boolean,
        price numeric(10,2) not null,
        stock_quantity integer,
        created_at timestamp(6) not null,
        id bigint generated by default as identity,
        updated_at timestamp(6),
        sku varchar(50) not null unique,
        category varchar(100),
        name varchar(200) not null,
        description TEXT,
        primary key (id)
    )
2026-03-29 04:30:26 [restartedMain] DEBUG org.hibernate.SQL - 
    create index idx_products_name 
       on products (name)
2026-03-29 04:30:26 [restartedMain] DEBUG org.hibernate.SQL - 
    create index idx_products_category 
       on products (category)
2026-03-29 04:30:26 [restartedMain] INFO  o.s.o.j.LocalContainerEntityManagerFactoryBean - Initialized JPA EntityManagerFactory for persistence unit 'default'
2026-03-29 04:30:26 [restartedMain] INFO  o.s.d.j.r.query.QueryEnhancerFactory - Hibernate is in classpath; If applicable, HQL parser will be used.
2026-03-29 04:30:27 [restartedMain] INFO  o.s.b.d.a.OptionalLiveReloadServer - LiveReload server is running on port 35729
2026-03-29 04:30:27 [restartedMain] INFO  o.s.b.w.e.tomcat.TomcatWebServer - Tomcat started on port 8080 (http) with context path ''
2026-03-29 04:30:27 [restartedMain] INFO  c.r.spring_lab.SpringLabApplication - Started SpringLabApplication in 3.707 seconds (process running for 4.118)
2026-03-29 04:32:16 [http-nio-8080-exec-1] INFO  o.a.c.c.C.[Tomcat].[localhost].[/] - Initializing Spring DispatcherServlet 'dispatcherServlet'
2026-03-29 04:32:16 [http-nio-8080-exec-1] INFO  o.s.web.servlet.DispatcherServlet - Initializing Servlet 'dispatcherServlet'
2026-03-29 04:32:16 [http-nio-8080-exec-1] INFO  o.s.web.servlet.DispatcherServlet - Completed initialization in 1 ms
2026-03-29 04:32:16 [http-nio-8080-exec-1] DEBUG org.hibernate.SQL - 
    /* <criteria> */ select
        p1_0.id,
        p1_0.active,
        p1_0.category,
        p1_0.created_at,
        p1_0.description,
        p1_0.name,
        p1_0.price,
        p1_0.sku,
        p1_0.stock_quantity,
        p1_0.updated_at 
    from
        products p1_0 
    order by
        p1_0.created_at desc 
    offset
        ? rows 
    fetch
        first ? rows only
2026-03-29 04:32:23 [http-nio-8080-exec-2] DEBUG org.hibernate.SQL - 
    select
        p1_0.id,
        p1_0.active,
        p1_0.category,
        p1_0.created_at,
        p1_0.description,
        p1_0.name,
        p1_0.price,
        p1_0.sku,
        p1_0.stock_quantity,
        p1_0.updated_at 
    from
        products p1_0 
    where
        p1_0.id=?
2026-03-29 04:32:23 [http-nio-8080-exec-2] WARN  o.s.w.s.m.m.a.ExceptionHandlerExceptionResolver - Resolved [com.rojudo.spring_lab.exception.ResourceNotFoundException: Produto com ID 1 não encontrado]
2026-03-29 04:32:30 [http-nio-8080-exec-3] DEBUG org.hibernate.SQL - 
    /* <criteria> */ select
        p1_0.id 
    from
        products p1_0 
    where
        p1_0.sku=? 
    fetch
        first ? rows only
2026-03-29 04:32:30 [http-nio-8080-exec-3] DEBUG org.hibernate.SQL - 
    /* insert for
        com.rojudo.spring_lab.model.Product */insert 
    into
        products (active, category, created_at, description, name, price, sku, stock_quantity, updated_at, id) 
    values
        (?, ?, ?, ?, ?, ?, ?, ?, ?, default)
2026-03-29 04:32:35 [http-nio-8080-exec-4] DEBUG org.hibernate.SQL - 
    /* <criteria> */ select
        p1_0.id 
    from
        products p1_0 
    where
        p1_0.sku=? 
    fetch
        first ? rows only
2026-03-29 04:32:35 [http-nio-8080-exec-4] WARN  o.s.w.s.m.m.a.ExceptionHandlerExceptionResolver - Resolved [java.lang.IllegalArgumentException: Produto com SKU TEST-001 já existe]
2026-03-29 04:32:42 [http-nio-8080-exec-5] DEBUG org.hibernate.SQL - 
    /* <criteria> */ select
        p1_0.id,
        p1_0.active,
        p1_0.category,
        p1_0.created_at,
        p1_0.description,
        p1_0.name,
        p1_0.price,
        p1_0.sku,
        p1_0.stock_quantity,
        p1_0.updated_at 
    from
        products p1_0 
    order by
        p1_0.created_at desc 
    offset
        ? rows 
    fetch
        first ? rows only
2026-03-29 04:33:36 [restartedMain] INFO  c.r.spring_lab.SpringLabApplication - Starting SpringLabApplication using Java 26 with PID 12608 (E:\Projects & Studies\Studies\Spring Boot LAB\spring-lab\target\classes started by biaso in E:\Projects & Studies\Studies\Spring Boot LAB\spring-lab)
2026-03-29 04:33:36 [restartedMain] DEBUG c.r.spring_lab.SpringLabApplication - Running with Spring Boot v3.2.4, Spring v6.1.5
2026-03-29 04:33:36 [restartedMain] INFO  c.r.spring_lab.SpringLabApplication - No active profile set, falling back to 1 default profile: "default"
2026-03-29 04:33:36 [restartedMain] INFO  o.s.b.d.e.DevToolsPropertyDefaultsPostProcessor - Devtools property defaults active! Set 'spring.devtools.add-properties' to 'false' to disable
2026-03-29 04:33:36 [restartedMain] INFO  o.s.b.d.e.DevToolsPropertyDefaultsPostProcessor - For additional web related logging consider setting the 'logging.level.web' property to 'DEBUG'
2026-03-29 04:33:36 [restartedMain] INFO  o.s.d.r.c.RepositoryConfigurationDelegate - Bootstrapping Spring Data JPA repositories in DEFAULT mode.
2026-03-29 04:33:36 [restartedMain] INFO  o.s.d.r.c.RepositoryConfigurationDelegate - Finished Spring Data repository scanning in 33 ms. Found 1 JPA repository interface.
2026-03-29 04:33:37 [restartedMain] INFO  o.s.b.w.e.tomcat.TomcatWebServer - Tomcat initialized with port 8080 (http)
2026-03-29 04:33:37 [restartedMain] INFO  o.a.catalina.core.StandardService - Starting service [Tomcat]
2026-03-29 04:33:37 [restartedMain] INFO  o.a.catalina.core.StandardEngine - Starting Servlet engine: [Apache Tomcat/10.1.19]
2026-03-29 04:33:37 [restartedMain] INFO  o.a.c.c.C.[Tomcat].[localhost].[/] - Initializing Spring embedded WebApplicationContext
2026-03-29 04:33:37 [restartedMain] INFO  o.s.b.w.s.c.ServletWebServerApplicationContext - Root WebApplicationContext: initialization completed in 1179 ms
2026-03-29 04:33:37 [restartedMain] INFO  com.zaxxer.hikari.HikariDataSource - HikariPool-1 - Starting...
2026-03-29 04:33:37 [restartedMain] INFO  com.zaxxer.hikari.pool.HikariPool - HikariPool-1 - Added connection conn0: url=jdbc:h2:mem:springlabdb user=SA
2026-03-29 04:33:37 [restartedMain] INFO  com.zaxxer.hikari.HikariDataSource - HikariPool-1 - Start completed.
2026-03-29 04:33:37 [restartedMain] INFO  o.s.b.a.h.H2ConsoleAutoConfiguration - H2 console available at '/h2-console'. Database available at 'jdbc:h2:mem:springlabdb'
2026-03-29 04:33:37 [restartedMain] INFO  o.h.jpa.internal.util.LogHelper - HHH000204: Processing PersistenceUnitInfo [name: default]
2026-03-29 04:33:37 [restartedMain] INFO  org.hibernate.Version - HHH000412: Hibernate ORM core version 6.4.4.Final
2026-03-29 04:33:37 [restartedMain] INFO  o.h.c.i.RegionFactoryInitiator - HHH000026: Second-level cache disabled
2026-03-29 04:33:37 [restartedMain] INFO  o.s.o.j.p.SpringPersistenceUnitInfo - No LoadTimeWeaver setup: ignoring JPA class transformer
2026-03-29 04:33:37 [restartedMain] WARN  org.hibernate.orm.deprecation - HHH90000025: H2Dialect does not need to be specified explicitly using 'hibernate.dialect' (remove the property setting and it will be selected by default)
2026-03-29 04:33:38 [restartedMain] INFO  o.h.e.t.j.p.i.JtaPlatformInitiator - HHH000489: No JTA platform available (set 'hibernate.transaction.jta.platform' to enable JTA platform integration)
2026-03-29 04:33:38 [restartedMain] DEBUG org.hibernate.SQL - 
    drop table if exists products cascade 
2026-03-29 04:33:38 [restartedMain] DEBUG org.hibernate.SQL - 
    create table products (
        active boolean,
        price numeric(10,2) not null,
        stock_quantity integer,
        created_at timestamp(6) not null,
        id bigint generated by default as identity,
        updated_at timestamp(6),
        sku varchar(50) not null unique,
        category varchar(100),
        name varchar(200) not null,
        description TEXT,
        primary key (id)
    )
2026-03-29 04:33:38 [restartedMain] DEBUG org.hibernate.SQL - 
    create index idx_products_name 
       on products (name)
2026-03-29 04:33:38 [restartedMain] DEBUG org.hibernate.SQL - 
    create index idx_products_category 
       on products (category)
2026-03-29 04:33:38 [restartedMain] INFO  o.s.o.j.LocalContainerEntityManagerFactoryBean - Initialized JPA EntityManagerFactory for persistence unit 'default'
2026-03-29 04:33:38 [restartedMain] INFO  o.s.d.j.r.query.QueryEnhancerFactory - Hibernate is in classpath; If applicable, HQL parser will be used.
2026-03-29 04:33:39 [restartedMain] INFO  o.s.b.d.a.OptionalLiveReloadServer - LiveReload server is running on port 35729
2026-03-29 04:33:39 [restartedMain] INFO  o.s.b.w.e.tomcat.TomcatWebServer - Tomcat started on port 8080 (http) with context path ''
2026-03-29 04:33:39 [restartedMain] INFO  c.r.spring_lab.SpringLabApplication - Started SpringLabApplication in 4.007 seconds (process running for 4.326)
2026-03-29 04:45:53 [restartedMain] INFO  c.r.spring_lab.SpringLabApplication - Starting SpringLabApplication using Java 26 with PID 1908 (E:\Projects & Studies\Studies\Spring Boot LAB\spring-lab\target\classes started by biaso in E:\Projects & Studies\Studies\Spring Boot LAB\spring-lab)
2026-03-29 04:45:53 [restartedMain] DEBUG c.r.spring_lab.SpringLabApplication - Running with Spring Boot v3.2.4, Spring v6.1.5
2026-03-29 04:45:53 [restartedMain] INFO  c.r.spring_lab.SpringLabApplication - The following 1 profile is active: "dev"
2026-03-29 04:45:53 [restartedMain] INFO  o.s.b.d.e.DevToolsPropertyDefaultsPostProcessor - Devtools property defaults active! Set 'spring.devtools.add-properties' to 'false' to disable
2026-03-29 04:45:53 [restartedMain] INFO  o.s.b.d.e.DevToolsPropertyDefaultsPostProcessor - For additional web related logging consider setting the 'logging.level.web' property to 'DEBUG'
2026-03-29 04:45:53 [restartedMain] INFO  o.s.d.r.c.RepositoryConfigurationDelegate - Bootstrapping Spring Data JPA repositories in DEFAULT mode.
2026-03-29 04:45:54 [restartedMain] INFO  o.s.d.r.c.RepositoryConfigurationDelegate - Finished Spring Data repository scanning in 33 ms. Found 1 JPA repository interface.
2026-03-29 04:45:54 [restartedMain] INFO  o.s.b.w.e.tomcat.TomcatWebServer - Tomcat initialized with port 8080 (http)
2026-03-29 04:45:54 [restartedMain] INFO  o.a.catalina.core.StandardService - Starting service [Tomcat]
2026-03-29 04:45:54 [restartedMain] INFO  o.a.catalina.core.StandardEngine - Starting Servlet engine: [Apache Tomcat/10.1.19]
2026-03-29 04:45:54 [restartedMain] INFO  o.a.c.c.C.[Tomcat].[localhost].[/] - Initializing Spring embedded WebApplicationContext
2026-03-29 04:45:54 [restartedMain] INFO  o.s.b.w.s.c.ServletWebServerApplicationContext - Root WebApplicationContext: initialization completed in 1083 ms
2026-03-29 04:45:54 [restartedMain] INFO  com.zaxxer.hikari.HikariDataSource - HikariPool-1 - Starting...
2026-03-29 04:45:54 [restartedMain] INFO  com.zaxxer.hikari.pool.HikariPool - HikariPool-1 - Added connection conn0: url=jdbc:h2:mem:springlabdb user=SA
2026-03-29 04:45:54 [restartedMain] INFO  com.zaxxer.hikari.HikariDataSource - HikariPool-1 - Start completed.
2026-03-29 04:45:54 [restartedMain] INFO  o.s.b.a.h.H2ConsoleAutoConfiguration - H2 console available at '/h2-console'. Database available at 'jdbc:h2:mem:springlabdb'
2026-03-29 04:45:54 [restartedMain] INFO  o.h.jpa.internal.util.LogHelper - HHH000204: Processing PersistenceUnitInfo [name: default]
2026-03-29 04:45:54 [restartedMain] INFO  org.hibernate.Version - HHH000412: Hibernate ORM core version 6.4.4.Final
2026-03-29 04:45:54 [restartedMain] INFO  o.h.c.i.RegionFactoryInitiator - HHH000026: Second-level cache disabled
2026-03-29 04:45:55 [restartedMain] INFO  o.s.o.j.p.SpringPersistenceUnitInfo - No LoadTimeWeaver setup: ignoring JPA class transformer
2026-03-29 04:45:55 [restartedMain] WARN  org.hibernate.orm.deprecation - HHH90000025: H2Dialect does not need to be specified explicitly using 'hibernate.dialect' (remove the property setting and it will be selected by default)
2026-03-29 04:45:55 [restartedMain] INFO  o.h.e.t.j.p.i.JtaPlatformInitiator - HHH000489: No JTA platform available (set 'hibernate.transaction.jta.platform' to enable JTA platform integration)
2026-03-29 04:45:55 [restartedMain] DEBUG org.hibernate.SQL - 
    drop table if exists products cascade 
2026-03-29 04:45:55 [restartedMain] DEBUG org.hibernate.SQL - 
    create table products (
        active boolean,
        price numeric(10,2) not null,
        stock_quantity integer,
        created_at timestamp(6) not null,
        id bigint generated by default as identity,
        updated_at timestamp(6),
        sku varchar(50) not null unique,
        category varchar(100),
        name varchar(200) not null,
        description TEXT,
        primary key (id)
    )
2026-03-29 04:45:55 [restartedMain] DEBUG org.hibernate.SQL - 
    create index idx_products_name 
       on products (name)
2026-03-29 04:45:55 [restartedMain] DEBUG org.hibernate.SQL - 
    create index idx_products_category 
       on products (category)
2026-03-29 04:45:55 [restartedMain] INFO  o.s.o.j.LocalContainerEntityManagerFactoryBean - Initialized JPA EntityManagerFactory for persistence unit 'default'
2026-03-29 04:45:55 [restartedMain] INFO  o.s.d.j.r.query.QueryEnhancerFactory - Hibernate is in classpath; If applicable, HQL parser will be used.
2026-03-29 04:45:56 [restartedMain] INFO  o.s.b.d.a.OptionalLiveReloadServer - LiveReload server is running on port 35729
2026-03-29 04:45:56 [restartedMain] INFO  o.s.b.w.e.tomcat.TomcatWebServer - Tomcat started on port 8080 (http) with context path ''
2026-03-29 04:45:56 [restartedMain] INFO  c.r.spring_lab.SpringLabApplication - Started SpringLabApplication in 3.654 seconds (process running for 4.151)
2026-03-29 04:45:56 [restartedMain] INFO  c.r.s.config.DataInitializer - 🚀 Iniciando DataInitializer...
2026-03-29 04:45:56 [restartedMain] DEBUG org.hibernate.SQL - 
    /* select
        count(*) 
    from
        Product x */ select
            count(*) 
        from
            products p1_0
2026-03-29 04:45:56 [restartedMain] INFO  c.r.s.config.DataInitializer - Criando produtos de exemplo...
2026-03-29 04:45:56 [restartedMain] DEBUG org.hibernate.SQL - 
    /* insert for
        com.rojudo.spring_lab.model.Product */insert 
    into
        products (active, category, created_at, description, name, price, sku, stock_quantity, updated_at, id) 
    values
        (?, ?, ?, ?, ?, ?, ?, ?, ?, default)
2026-03-29 04:45:56 [restartedMain] DEBUG org.hibernate.SQL - 
    /* insert for
        com.rojudo.spring_lab.model.Product */insert 
    into
        products (active, category, created_at, description, name, price, sku, stock_quantity, updated_at, id) 
    values
        (?, ?, ?, ?, ?, ?, ?, ?, ?, default)
2026-03-29 04:45:56 [restartedMain] DEBUG org.hibernate.SQL - 
    /* insert for
        com.rojudo.spring_lab.model.Product */insert 
    into
        products (active, category, created_at, description, name, price, sku, stock_quantity, updated_at, id) 
    values
        (?, ?, ?, ?, ?, ?, ?, ?, ?, default)
2026-03-29 04:45:56 [restartedMain] DEBUG org.hibernate.SQL - 
    /* insert for
        com.rojudo.spring_lab.model.Product */insert 
    into
        products (active, category, created_at, description, name, price, sku, stock_quantity, updated_at, id) 
    values
        (?, ?, ?, ?, ?, ?, ?, ?, ?, default)
2026-03-29 04:45:56 [restartedMain] DEBUG org.hibernate.SQL - 
    /* insert for
        com.rojudo.spring_lab.model.Product */insert 
    into
        products (active, category, created_at, description, name, price, sku, stock_quantity, updated_at, id) 
    values
        (?, ?, ?, ?, ?, ?, ?, ?, ?, default)
2026-03-29 04:45:56 [restartedMain] DEBUG org.hibernate.SQL - 
    /* insert for
        com.rojudo.spring_lab.model.Product */insert 
    into
        products (active, category, created_at, description, name, price, sku, stock_quantity, updated_at, id) 
    values
        (?, ?, ?, ?, ?, ?, ?, ?, ?, default)
2026-03-29 04:45:56 [restartedMain] DEBUG org.hibernate.SQL - 
    /* insert for
        com.rojudo.spring_lab.model.Product */insert 
    into
        products (active, category, created_at, description, name, price, sku, stock_quantity, updated_at, id) 
    values
        (?, ?, ?, ?, ?, ?, ?, ?, ?, default)
2026-03-29 04:45:56 [restartedMain] DEBUG org.hibernate.SQL - 
    /* insert for
        com.rojudo.spring_lab.model.Product */insert 
    into
        products (active, category, created_at, description, name, price, sku, stock_quantity, updated_at, id) 
    values
        (?, ?, ?, ?, ?, ?, ?, ?, ?, default)
2026-03-29 04:45:56 [restartedMain] INFO  c.r.s.config.DataInitializer - 8 produtos criados com sucesso!
2026-03-29 04:45:56 [restartedMain] DEBUG c.r.s.config.DataInitializer -    - ID: 1, SKU: NOTE-DELL-XPS13, Nome: Notebook Dell XPS 13, Preço: R$ 7899.99
2026-03-29 04:45:56 [restartedMain] DEBUG c.r.s.config.DataInitializer -    - ID: 2, SKU: MAC-MBA-M1, Nome: MacBook Air M1, Preço: R$ 8999.99
2026-03-29 04:45:56 [restartedMain] DEBUG c.r.s.config.DataInitializer -    - ID: 3, SKU: MON-DELL-U2723, Nome: Monitor Dell UltraSharp U2723, Preço: R$ 3299.99
2026-03-29 04:45:56 [restartedMain] DEBUG c.r.s.config.DataInitializer -    - ID: 4, SKU: MOU-LOG-MX3, Nome: Mouse Logitech MX Master 3S, Preço: R$ 549.99
2026-03-29 04:45:56 [restartedMain] DEBUG c.r.s.config.DataInitializer -    - ID: 5, SKU: TEC-KEY-K2, Nome: Teclado Keychron K2, Preço: R$ 699.99
2026-03-29 04:45:56 [restartedMain] DEBUG c.r.s.config.DataInitializer -    - ID: 6, SKU: WEBCAM-LOG-C920, Nome: Webcam Logitech C920, Preço: R$ 399.99
2026-03-29 04:45:56 [restartedMain] DEBUG c.r.s.config.DataInitializer -    - ID: 7, SKU: HEAD-SON-WH4, Nome: Headset Sony WH-1000XM4, Preço: R$ 1899.99
2026-03-29 04:45:56 [restartedMain] DEBUG c.r.s.config.DataInitializer -    - ID: 8, SKU: SPK-JBL-FLIP6, Nome: Caixa de Som JBL Flip 6, Preço: R$ 599.99
2026-03-29 04:45:56 [restartedMain] INFO  c.r.s.config.DataInitializer - DataInitializer finalizado com sucesso!
2026-03-29 04:46:38 [http-nio-8080-exec-1] INFO  o.a.c.c.C.[Tomcat].[localhost].[/] - Initializing Spring DispatcherServlet 'dispatcherServlet'
2026-03-29 04:46:38 [http-nio-8080-exec-1] INFO  o.s.web.servlet.DispatcherServlet - Initializing Servlet 'dispatcherServlet'
2026-03-29 04:46:38 [http-nio-8080-exec-1] INFO  o.s.web.servlet.DispatcherServlet - Completed initialization in 6 ms
2026-03-29 04:46:38 [http-nio-8080-exec-1] DEBUG org.hibernate.SQL - 
    /* <criteria> */ select
        p1_0.id,
        p1_0.active,
        p1_0.category,
        p1_0.created_at,
        p1_0.description,
        p1_0.name,
        p1_0.price,
        p1_0.sku,
        p1_0.stock_quantity,
        p1_0.updated_at 
    from
        products p1_0 
    order by
        p1_0.created_at desc 
    offset
        ? rows 
    fetch
        first ? rows only
2026-03-29 04:48:20 [http-nio-8080-exec-7] WARN  o.s.w.s.m.m.a.ExceptionHandlerExceptionResolver - Resolved [org.springframework.web.servlet.resource.NoResourceFoundException: No static resource favicon.ico.]
2026-03-29 04:48:52 [http-nio-8080-exec-1] WARN  o.s.w.s.m.m.a.ExceptionHandlerExceptionResolver - Resolved [org.springframework.web.servlet.resource.NoResourceFoundException: No static resource favicon.ico.]
2026-03-29 04:49:09 [http-nio-8080-exec-5] WARN  o.s.w.s.m.m.a.ExceptionHandlerExceptionResolver - Resolved [org.springframework.web.servlet.resource.NoResourceFoundException: No static resource favicon.ico.]
2026-03-29 04:51:05 [restartedMain] INFO  c.r.spring_lab.SpringLabApplication - Starting SpringLabApplication using Java 26 with PID 4924 (E:\Projects & Studies\Studies\Spring Boot LAB\spring-lab\target\classes started by biaso in E:\Projects & Studies\Studies\Spring Boot LAB\spring-lab)
2026-03-29 04:51:05 [restartedMain] DEBUG c.r.spring_lab.SpringLabApplication - Running with Spring Boot v3.2.4, Spring v6.1.5
2026-03-29 04:51:05 [restartedMain] INFO  c.r.spring_lab.SpringLabApplication - The following 1 profile is active: "prod"
2026-03-29 04:51:05 [restartedMain] INFO  o.s.b.d.e.DevToolsPropertyDefaultsPostProcessor - Devtools property defaults active! Set 'spring.devtools.add-properties' to 'false' to disable
2026-03-29 04:51:05 [restartedMain] INFO  o.s.b.d.e.DevToolsPropertyDefaultsPostProcessor - For additional web related logging consider setting the 'logging.level.web' property to 'DEBUG'
2026-03-29 04:51:06 [restartedMain] INFO  o.s.d.r.c.RepositoryConfigurationDelegate - Bootstrapping Spring Data JPA repositories in DEFAULT mode.
2026-03-29 04:51:06 [restartedMain] INFO  o.s.d.r.c.RepositoryConfigurationDelegate - Finished Spring Data repository scanning in 36 ms. Found 1 JPA repository interface.
2026-03-29 04:51:06 [restartedMain] INFO  o.s.b.w.e.tomcat.TomcatWebServer - Tomcat initialized with port 8080 (http)
2026-03-29 04:51:06 [restartedMain] INFO  o.a.catalina.core.StandardService - Starting service [Tomcat]
2026-03-29 04:51:06 [restartedMain] INFO  o.a.catalina.core.StandardEngine - Starting Servlet engine: [Apache Tomcat/10.1.19]
2026-03-29 04:51:06 [restartedMain] INFO  o.a.c.c.C.[Tomcat].[localhost].[/] - Initializing Spring embedded WebApplicationContext
2026-03-29 04:51:06 [restartedMain] INFO  o.s.b.w.s.c.ServletWebServerApplicationContext - Root WebApplicationContext: initialization completed in 982 ms
2026-03-29 04:51:06 [restartedMain] INFO  com.zaxxer.hikari.HikariDataSource - HikariPool-1 - Starting...
2026-03-29 04:51:06 [restartedMain] INFO  o.h.jpa.internal.util.LogHelper - HHH000204: Processing PersistenceUnitInfo [name: default]
2026-03-29 04:51:06 [restartedMain] INFO  org.hibernate.Version - HHH000412: Hibernate ORM core version 6.4.4.Final
2026-03-29 04:51:06 [restartedMain] INFO  o.h.c.i.RegionFactoryInitiator - HHH000026: Second-level cache disabled
2026-03-29 04:51:06 [restartedMain] INFO  o.s.o.j.p.SpringPersistenceUnitInfo - No LoadTimeWeaver setup: ignoring JPA class transformer
2026-03-29 04:51:06 [restartedMain] INFO  com.zaxxer.hikari.HikariDataSource - HikariPool-1 - Starting...
2026-03-29 04:51:06 [restartedMain] WARN  o.h.e.j.e.i.JdbcEnvironmentInitiator - HHH000342: Could not obtain connection to query metadata
java.lang.RuntimeException: Driver org.h2.Driver claims to not accept jdbcUrl, jdbc:postgresql://localhost:5432/springlabDB
	at com.zaxxer.hikari.util.DriverDataSource.<init>(DriverDataSource.java:110)
	at com.zaxxer.hikari.pool.PoolBase.initializeDataSource(PoolBase.java:326)
	at com.zaxxer.hikari.pool.PoolBase.<init>(PoolBase.java:112)
	at com.zaxxer.hikari.pool.HikariPool.<init>(HikariPool.java:93)
	at com.zaxxer.hikari.HikariDataSource.getConnection(HikariDataSource.java:112)
	at org.hibernate.engine.jdbc.connections.internal.DatasourceConnectionProviderImpl.getConnection(DatasourceConnectionProviderImpl.java:122)
	at org.hibernate.engine.jdbc.env.internal.JdbcEnvironmentInitiator$ConnectionProviderJdbcConnectionAccess.obtainConnection(JdbcEnvironmentInitiator.java:428)
	at org.hibernate.resource.transaction.backend.jdbc.internal.JdbcIsolationDelegate.delegateWork(JdbcIsolationDelegate.java:61)
	at org.hibernate.engine.jdbc.env.internal.JdbcEnvironmentInitiator.getJdbcEnvironmentUsingJdbcMetadata(JdbcEnvironmentInitiator.java:276)
	at org.hibernate.engine.jdbc.env.internal.JdbcEnvironmentInitiator.initiateService(JdbcEnvironmentInitiator.java:107)
	at org.hibernate.engine.jdbc.env.internal.JdbcEnvironmentInitiator.initiateService(JdbcEnvironmentInitiator.java:68)
	at org.hibernate.boot.registry.internal.StandardServiceRegistryImpl.initiateService(StandardServiceRegistryImpl.java:130)
	at org.hibernate.service.internal.AbstractServiceRegistryImpl.createService(AbstractServiceRegistryImpl.java:263)
	at org.hibernate.service.internal.AbstractServiceRegistryImpl.initializeService(AbstractServiceRegistryImpl.java:238)
	at org.hibernate.service.internal.AbstractServiceRegistryImpl.getService(AbstractServiceRegistryImpl.java:215)
	at org.hibernate.boot.model.relational.Database.<init>(Database.java:45)
	at org.hibernate.boot.internal.InFlightMetadataCollectorImpl.getDatabase(InFlightMetadataCollectorImpl.java:223)
	at org.hibernate.boot.internal.InFlightMetadataCollectorImpl.<init>(InFlightMetadataCollectorImpl.java:191)
	at org.hibernate.boot.model.process.spi.MetadataBuildingProcess.complete(MetadataBuildingProcess.java:170)
	at org.hibernate.jpa.boot.internal.EntityManagerFactoryBuilderImpl.metadata(EntityManagerFactoryBuilderImpl.java:1432)
	at org.hibernate.jpa.boot.internal.EntityManagerFactoryBuilderImpl.build(EntityManagerFactoryBuilderImpl.java:1503)
	at org.springframework.orm.jpa.vendor.SpringHibernateJpaPersistenceProvider.createContainerEntityManagerFactory(SpringHibernateJpaPersistenceProvider.java:75)
	at org.springframework.orm.jpa.LocalContainerEntityManagerFactoryBean.createNativeEntityManagerFactory(LocalContainerEntityManagerFactoryBean.java:390)
	at org.springframework.orm.jpa.AbstractEntityManagerFactoryBean.buildNativeEntityManagerFactory(AbstractEntityManagerFactoryBean.java:409)
	at org.springframework.orm.jpa.AbstractEntityManagerFactoryBean.afterPropertiesSet(AbstractEntityManagerFactoryBean.java:396)
	at org.springframework.orm.jpa.LocalContainerEntityManagerFactoryBean.afterPropertiesSet(LocalContainerEntityManagerFactoryBean.java:366)
	at org.springframework.beans.factory.support.AbstractAutowireCapableBeanFactory.invokeInitMethods(AbstractAutowireCapableBeanFactory.java:1833)
	at org.springframework.beans.factory.support.AbstractAutowireCapableBeanFactory.initializeBean(AbstractAutowireCapableBeanFactory.java:1782)
	at org.springframework.beans.factory.support.AbstractAutowireCapableBeanFactory.doCreateBean(AbstractAutowireCapableBeanFactory.java:600)
	at org.springframework.beans.factory.support.AbstractAutowireCapableBeanFactory.createBean(AbstractAutowireCapableBeanFactory.java:522)
	at org.springframework.beans.factory.support.AbstractBeanFactory.lambda$doGetBean$0(AbstractBeanFactory.java:326)
	at org.springframework.beans.factory.support.DefaultSingletonBeanRegistry.getSingleton(DefaultSingletonBeanRegistry.java:234)
	at org.springframework.beans.factory.support.AbstractBeanFactory.doGetBean(AbstractBeanFactory.java:324)
	at org.springframework.beans.factory.support.AbstractBeanFactory.getBean(AbstractBeanFactory.java:200)
	at org.springframework.context.support.AbstractApplicationContext.getBean(AbstractApplicationContext.java:1234)
	at org.springframework.context.support.AbstractApplicationContext.finishBeanFactoryInitialization(AbstractApplicationContext.java:952)
	at org.springframework.context.support.AbstractApplicationContext.refresh(AbstractApplicationContext.java:624)
	at org.springframework.boot.web.servlet.context.ServletWebServerApplicationContext.refresh(ServletWebServerApplicationContext.java:146)
	at org.springframework.boot.SpringApplication.refresh(SpringApplication.java:754)
	at org.springframework.boot.SpringApplication.refreshContext(SpringApplication.java:456)
	at org.springframework.boot.SpringApplication.run(SpringApplication.java:334)
	at org.springframework.boot.SpringApplication.run(SpringApplication.java:1354)
	at org.springframework.boot.SpringApplication.run(SpringApplication.java:1343)
	at com.rojudo.spring_lab.SpringLabApplication.main(SpringLabApplication.java:10)
	at java.base/jdk.internal.reflect.DirectMethodHandleAccessor.invoke(DirectMethodHandleAccessor.java:104)
	at java.base/java.lang.reflect.Method.invoke(Method.java:565)
	at org.springframework.boot.devtools.restart.RestartLauncher.run(RestartLauncher.java:50)
2026-03-29 04:51:06 [restartedMain] WARN  org.hibernate.orm.deprecation - HHH90000025: H2Dialect does not need to be specified explicitly using 'hibernate.dialect' (remove the property setting and it will be selected by default)
2026-03-29 04:51:07 [restartedMain] INFO  o.h.e.t.j.p.i.JtaPlatformInitiator - HHH000489: No JTA platform available (set 'hibernate.transaction.jta.platform' to enable JTA platform integration)
2026-03-29 04:51:07 [restartedMain] INFO  com.zaxxer.hikari.HikariDataSource - HikariPool-1 - Starting...
2026-03-29 04:51:07 [restartedMain] ERROR o.s.o.j.LocalContainerEntityManagerFactoryBean - Failed to initialize JPA EntityManagerFactory: [PersistenceUnit: default] Unable to build Hibernate SessionFactory; nested exception is java.lang.RuntimeException: Driver org.h2.Driver claims to not accept jdbcUrl, jdbc:postgresql://localhost:5432/springlabDB
2026-03-29 04:51:07 [restartedMain] WARN  o.s.b.w.s.c.AnnotationConfigServletWebServerApplicationContext - Exception encountered during context initialization - cancelling refresh attempt: org.springframework.beans.factory.BeanCreationException: Error creating bean with name 'entityManagerFactory' defined in class path resource [org/springframework/boot/autoconfigure/orm/jpa/HibernateJpaConfiguration.class]: [PersistenceUnit: default] Unable to build Hibernate SessionFactory; nested exception is java.lang.RuntimeException: Driver org.h2.Driver claims to not accept jdbcUrl, jdbc:postgresql://localhost:5432/springlabDB
2026-03-29 04:51:07 [restartedMain] INFO  o.a.catalina.core.StandardService - Stopping service [Tomcat]
2026-03-29 04:51:07 [restartedMain] INFO  o.s.b.a.l.ConditionEvaluationReportLogger - 

Error starting ApplicationContext. To display the condition evaluation report re-run your application with 'debug' enabled.
2026-03-29 04:51:07 [restartedMain] ERROR o.s.boot.SpringApplication - Application run failed
org.springframework.beans.factory.BeanCreationException: Error creating bean with name 'entityManagerFactory' defined in class path resource [org/springframework/boot/autoconfigure/orm/jpa/HibernateJpaConfiguration.class]: [PersistenceUnit: default] Unable to build Hibernate SessionFactory; nested exception is java.lang.RuntimeException: Driver org.h2.Driver claims to not accept jdbcUrl, jdbc:postgresql://localhost:5432/springlabDB
	at org.springframework.beans.factory.support.AbstractAutowireCapableBeanFactory.initializeBean(AbstractAutowireCapableBeanFactory.java:1786)
	at org.springframework.beans.factory.support.AbstractAutowireCapableBeanFactory.doCreateBean(AbstractAutowireCapableBeanFactory.java:600)
	at org.springframework.beans.factory.support.AbstractAutowireCapableBeanFactory.createBean(AbstractAutowireCapableBeanFactory.java:522)
	at org.springframework.beans.factory.support.AbstractBeanFactory.lambda$doGetBean$0(AbstractBeanFactory.java:326)
	at org.springframework.beans.factory.support.DefaultSingletonBeanRegistry.getSingleton(DefaultSingletonBeanRegistry.java:234)
	at org.springframework.beans.factory.support.AbstractBeanFactory.doGetBean(AbstractBeanFactory.java:324)
	at org.springframework.beans.factory.support.AbstractBeanFactory.getBean(AbstractBeanFactory.java:200)
	at org.springframework.context.support.AbstractApplicationContext.getBean(AbstractApplicationContext.java:1234)
	at org.springframework.context.support.AbstractApplicationContext.finishBeanFactoryInitialization(AbstractApplicationContext.java:952)
	at org.springframework.context.support.AbstractApplicationContext.refresh(AbstractApplicationContext.java:624)
	at org.springframework.boot.web.servlet.context.ServletWebServerApplicationContext.refresh(ServletWebServerApplicationContext.java:146)
	at org.springframework.boot.SpringApplication.refresh(SpringApplication.java:754)
	at org.springframework.boot.SpringApplication.refreshContext(SpringApplication.java:456)
	at org.springframework.boot.SpringApplication.run(SpringApplication.java:334)
	at org.springframework.boot.SpringApplication.run(SpringApplication.java:1354)
	at org.springframework.boot.SpringApplication.run(SpringApplication.java:1343)
	at com.rojudo.spring_lab.SpringLabApplication.main(SpringLabApplication.java:10)
	at java.base/jdk.internal.reflect.DirectMethodHandleAccessor.invoke(DirectMethodHandleAccessor.java:104)
	at java.base/java.lang.reflect.Method.invoke(Method.java:565)
	at org.springframework.boot.devtools.restart.RestartLauncher.run(RestartLauncher.java:50)
Caused by: jakarta.persistence.PersistenceException: [PersistenceUnit: default] Unable to build Hibernate SessionFactory; nested exception is java.lang.RuntimeException: Driver org.h2.Driver claims to not accept jdbcUrl, jdbc:postgresql://localhost:5432/springlabDB
	at org.springframework.orm.jpa.AbstractEntityManagerFactoryBean.buildNativeEntityManagerFactory(AbstractEntityManagerFactoryBean.java:421)
	at org.springframework.orm.jpa.AbstractEntityManagerFactoryBean.afterPropertiesSet(AbstractEntityManagerFactoryBean.java:396)
	at org.springframework.orm.jpa.LocalContainerEntityManagerFactoryBean.afterPropertiesSet(LocalContainerEntityManagerFactoryBean.java:366)
	at org.springframework.beans.factory.support.AbstractAutowireCapableBeanFactory.invokeInitMethods(AbstractAutowireCapableBeanFactory.java:1833)
	at org.springframework.beans.factory.support.AbstractAutowireCapableBeanFactory.initializeBean(AbstractAutowireCapableBeanFactory.java:1782)
	... 19 common frames omitted
Caused by: java.lang.RuntimeException: Driver org.h2.Driver claims to not accept jdbcUrl, jdbc:postgresql://localhost:5432/springlabDB
	at com.zaxxer.hikari.util.DriverDataSource.<init>(DriverDataSource.java:110)
	at com.zaxxer.hikari.pool.PoolBase.initializeDataSource(PoolBase.java:326)
	at com.zaxxer.hikari.pool.PoolBase.<init>(PoolBase.java:112)
	at com.zaxxer.hikari.pool.HikariPool.<init>(HikariPool.java:93)
	at com.zaxxer.hikari.HikariDataSource.getConnection(HikariDataSource.java:112)
	at org.hibernate.engine.jdbc.connections.internal.DatasourceConnectionProviderImpl.getConnection(DatasourceConnectionProviderImpl.java:122)
	at org.hibernate.engine.jdbc.env.internal.JdbcEnvironmentInitiator$ConnectionProviderJdbcConnectionAccess.obtainConnection(JdbcEnvironmentInitiator.java:428)
	at org.hibernate.resource.transaction.backend.jdbc.internal.DdlTransactionIsolatorNonJtaImpl.getIsolatedConnection(DdlTransactionIsolatorNonJtaImpl.java:46)
	at org.hibernate.resource.transaction.backend.jdbc.internal.DdlTransactionIsolatorNonJtaImpl.getIsolatedConnection(DdlTransactionIsolatorNonJtaImpl.java:39)
	at org.hibernate.tool.schema.internal.exec.ImprovedExtractionContextImpl.getJdbcConnection(ImprovedExtractionContextImpl.java:63)
	at org.hibernate.tool.schema.extract.spi.ExtractionContext.getQueryResults(ExtractionContext.java:43)
	at org.hibernate.tool.schema.extract.internal.SequenceInformationExtractorLegacyImpl.extractMetadata(SequenceInformationExtractorLegacyImpl.java:39)
	at org.hibernate.tool.schema.extract.internal.DatabaseInformationImpl.initializeSequences(DatabaseInformationImpl.java:66)
	at org.hibernate.tool.schema.extract.internal.DatabaseInformationImpl.<init>(DatabaseInformationImpl.java:60)
	at org.hibernate.tool.schema.internal.Helper.buildDatabaseInformation(Helper.java:185)
	at org.hibernate.tool.schema.internal.AbstractSchemaValidator.doValidation(AbstractSchemaValidator.java:67)
	at org.hibernate.tool.schema.spi.SchemaManagementToolCoordinator.performDatabaseAction(SchemaManagementToolCoordinator.java:295)
	at org.hibernate.tool.schema.spi.SchemaManagementToolCoordinator.lambda$process$5(SchemaManagementToolCoordinator.java:145)
	at java.base/java.util.HashMap.forEach(HashMap.java:1430)
	at org.hibernate.tool.schema.spi.SchemaManagementToolCoordinator.process(SchemaManagementToolCoordinator.java:142)
	at org.hibernate.boot.internal.SessionFactoryObserverForSchemaExport.sessionFactoryCreated(SessionFactoryObserverForSchemaExport.java:37)
	at org.hibernate.internal.SessionFactoryObserverChain.sessionFactoryCreated(SessionFactoryObserverChain.java:35)
	at org.hibernate.internal.SessionFactoryImpl.<init>(SessionFactoryImpl.java:315)
	at org.hibernate.boot.internal.SessionFactoryBuilderImpl.build(SessionFactoryBuilderImpl.java:450)
	at org.hibernate.jpa.boot.internal.EntityManagerFactoryBuilderImpl.build(EntityManagerFactoryBuilderImpl.java:1507)
	at org.springframework.orm.jpa.vendor.SpringHibernateJpaPersistenceProvider.createContainerEntityManagerFactory(SpringHibernateJpaPersistenceProvider.java:75)
	at org.springframework.orm.jpa.LocalContainerEntityManagerFactoryBean.createNativeEntityManagerFactory(LocalContainerEntityManagerFactoryBean.java:390)
	at org.springframework.orm.jpa.AbstractEntityManagerFactoryBean.buildNativeEntityManagerFactory(AbstractEntityManagerFactoryBean.java:409)
	... 23 common frames omitted
2026-03-29 04:51:49 [restartedMain] INFO  c.r.spring_lab.SpringLabApplication - Starting SpringLabApplication using Java 26 with PID 11300 (E:\Projects & Studies\Studies\Spring Boot LAB\spring-lab\target\classes started by biaso in E:\Projects & Studies\Studies\Spring Boot LAB\spring-lab)
2026-03-29 04:51:49 [restartedMain] DEBUG c.r.spring_lab.SpringLabApplication - Running with Spring Boot v3.2.4, Spring v6.1.5
2026-03-29 04:51:49 [restartedMain] INFO  c.r.spring_lab.SpringLabApplication - The following 1 profile is active: "dev"
2026-03-29 04:51:49 [restartedMain] INFO  o.s.b.d.e.DevToolsPropertyDefaultsPostProcessor - Devtools property defaults active! Set 'spring.devtools.add-properties' to 'false' to disable
2026-03-29 04:51:49 [restartedMain] INFO  o.s.b.d.e.DevToolsPropertyDefaultsPostProcessor - For additional web related logging consider setting the 'logging.level.web' property to 'DEBUG'
2026-03-29 04:51:49 [restartedMain] INFO  o.s.d.r.c.RepositoryConfigurationDelegate - Bootstrapping Spring Data JPA repositories in DEFAULT mode.
2026-03-29 04:51:49 [restartedMain] INFO  o.s.d.r.c.RepositoryConfigurationDelegate - Finished Spring Data repository scanning in 32 ms. Found 1 JPA repository interface.
2026-03-29 04:51:50 [restartedMain] INFO  o.s.b.w.e.tomcat.TomcatWebServer - Tomcat initialized with port 8080 (http)
2026-03-29 04:51:50 [restartedMain] INFO  o.a.catalina.core.StandardService - Starting service [Tomcat]
2026-03-29 04:51:50 [restartedMain] INFO  o.a.catalina.core.StandardEngine - Starting Servlet engine: [Apache Tomcat/10.1.19]
2026-03-29 04:51:50 [restartedMain] INFO  o.a.c.c.C.[Tomcat].[localhost].[/] - Initializing Spring embedded WebApplicationContext
2026-03-29 04:51:50 [restartedMain] INFO  o.s.b.w.s.c.ServletWebServerApplicationContext - Root WebApplicationContext: initialization completed in 1049 ms
2026-03-29 04:51:50 [restartedMain] INFO  com.zaxxer.hikari.HikariDataSource - HikariPool-1 - Starting...
2026-03-29 04:51:50 [restartedMain] INFO  com.zaxxer.hikari.pool.HikariPool - HikariPool-1 - Added connection conn0: url=jdbc:h2:mem:springlabdb user=SA
2026-03-29 04:51:50 [restartedMain] INFO  com.zaxxer.hikari.HikariDataSource - HikariPool-1 - Start completed.
2026-03-29 04:51:50 [restartedMain] INFO  o.s.b.a.h.H2ConsoleAutoConfiguration - H2 console available at '/h2-console'. Database available at 'jdbc:h2:mem:springlabdb'
2026-03-29 04:51:50 [restartedMain] INFO  o.h.jpa.internal.util.LogHelper - HHH000204: Processing PersistenceUnitInfo [name: default]
2026-03-29 04:51:50 [restartedMain] INFO  org.hibernate.Version - HHH000412: Hibernate ORM core version 6.4.4.Final
2026-03-29 04:51:50 [restartedMain] INFO  o.h.c.i.RegionFactoryInitiator - HHH000026: Second-level cache disabled
2026-03-29 04:51:50 [restartedMain] INFO  o.s.o.j.p.SpringPersistenceUnitInfo - No LoadTimeWeaver setup: ignoring JPA class transformer
2026-03-29 04:51:50 [restartedMain] WARN  org.hibernate.orm.deprecation - HHH90000025: H2Dialect does not need to be specified explicitly using 'hibernate.dialect' (remove the property setting and it will be selected by default)
2026-03-29 04:51:51 [restartedMain] INFO  o.h.e.t.j.p.i.JtaPlatformInitiator - HHH000489: No JTA platform available (set 'hibernate.transaction.jta.platform' to enable JTA platform integration)
2026-03-29 04:51:51 [restartedMain] DEBUG org.hibernate.SQL - 
    drop table if exists products cascade 
2026-03-29 04:51:51 [restartedMain] DEBUG org.hibernate.SQL - 
    create table products (
        active boolean,
        price numeric(10,2) not null,
        stock_quantity integer,
        created_at timestamp(6) not null,
        id bigint generated by default as identity,
        updated_at timestamp(6),
        sku varchar(50) not null unique,
        category varchar(100),
        name varchar(200) not null,
        description TEXT,
        primary key (id)
    )
2026-03-29 04:51:51 [restartedMain] DEBUG org.hibernate.SQL - 
    create index idx_products_name 
       on products (name)
2026-03-29 04:51:51 [restartedMain] DEBUG org.hibernate.SQL - 
    create index idx_products_category 
       on products (category)
2026-03-29 04:51:51 [restartedMain] INFO  o.s.o.j.LocalContainerEntityManagerFactoryBean - Initialized JPA EntityManagerFactory for persistence unit 'default'
2026-03-29 04:51:51 [restartedMain] INFO  o.s.d.j.r.query.QueryEnhancerFactory - Hibernate is in classpath; If applicable, HQL parser will be used.
2026-03-29 04:51:52 [restartedMain] INFO  o.s.b.d.a.OptionalLiveReloadServer - LiveReload server is running on port 35729
2026-03-29 04:51:52 [restartedMain] INFO  o.s.b.w.e.tomcat.TomcatWebServer - Tomcat started on port 8080 (http) with context path ''
2026-03-29 04:51:52 [restartedMain] INFO  c.r.spring_lab.SpringLabApplication - Started SpringLabApplication in 3.374 seconds (process running for 3.629)
2026-03-29 04:51:52 [restartedMain] INFO  c.r.s.config.DataInitializer - 🚀 Iniciando DataInitializer...
2026-03-29 04:51:52 [restartedMain] DEBUG org.hibernate.SQL - 
    /* select
        count(*) 
    from
        Product x */ select
            count(*) 
        from
            products p1_0
2026-03-29 04:51:52 [restartedMain] INFO  c.r.s.config.DataInitializer - Criando produtos de exemplo...
2026-03-29 04:51:52 [restartedMain] DEBUG org.hibernate.SQL - 
    /* insert for
        com.rojudo.spring_lab.model.Product */insert 
    into
        products (active, category, created_at, description, name, price, sku, stock_quantity, updated_at, id) 
    values
        (?, ?, ?, ?, ?, ?, ?, ?, ?, default)
2026-03-29 04:51:52 [restartedMain] DEBUG org.hibernate.SQL - 
    /* insert for
        com.rojudo.spring_lab.model.Product */insert 
    into
        products (active, category, created_at, description, name, price, sku, stock_quantity, updated_at, id) 
    values
        (?, ?, ?, ?, ?, ?, ?, ?, ?, default)
2026-03-29 04:51:52 [restartedMain] DEBUG org.hibernate.SQL - 
    /* insert for
        com.rojudo.spring_lab.model.Product */insert 
    into
        products (active, category, created_at, description, name, price, sku, stock_quantity, updated_at, id) 
    values
        (?, ?, ?, ?, ?, ?, ?, ?, ?, default)
2026-03-29 04:51:52 [restartedMain] DEBUG org.hibernate.SQL - 
    /* insert for
        com.rojudo.spring_lab.model.Product */insert 
    into
        products (active, category, created_at, description, name, price, sku, stock_quantity, updated_at, id) 
    values
        (?, ?, ?, ?, ?, ?, ?, ?, ?, default)
2026-03-29 04:51:52 [restartedMain] DEBUG org.hibernate.SQL - 
    /* insert for
        com.rojudo.spring_lab.model.Product */insert 
    into
        products (active, category, created_at, description, name, price, sku, stock_quantity, updated_at, id) 
    values
        (?, ?, ?, ?, ?, ?, ?, ?, ?, default)
2026-03-29 04:51:52 [restartedMain] DEBUG org.hibernate.SQL - 
    /* insert for
        com.rojudo.spring_lab.model.Product */insert 
    into
        products (active, category, created_at, description, name, price, sku, stock_quantity, updated_at, id) 
    values
        (?, ?, ?, ?, ?, ?, ?, ?, ?, default)
2026-03-29 04:51:52 [restartedMain] DEBUG org.hibernate.SQL - 
    /* insert for
        com.rojudo.spring_lab.model.Product */insert 
    into
        products (active, category, created_at, description, name, price, sku, stock_quantity, updated_at, id) 
    values
        (?, ?, ?, ?, ?, ?, ?, ?, ?, default)
2026-03-29 04:51:52 [restartedMain] DEBUG org.hibernate.SQL - 
    /* insert for
        com.rojudo.spring_lab.model.Product */insert 
    into
        products (active, category, created_at, description, name, price, sku, stock_quantity, updated_at, id) 
    values
        (?, ?, ?, ?, ?, ?, ?, ?, ?, default)
2026-03-29 04:51:52 [restartedMain] INFO  c.r.s.config.DataInitializer - 8 produtos criados com sucesso!
2026-03-29 04:51:52 [restartedMain] DEBUG c.r.s.config.DataInitializer -    - ID: 1, SKU: NOTE-DELL-XPS13, Nome: Notebook Dell XPS 13, Preço: R$ 7899.99
2026-03-29 04:51:52 [restartedMain] DEBUG c.r.s.config.DataInitializer -    - ID: 2, SKU: MAC-MBA-M1, Nome: MacBook Air M1, Preço: R$ 8999.99
2026-03-29 04:51:52 [restartedMain] DEBUG c.r.s.config.DataInitializer -    - ID: 3, SKU: MON-DELL-U2723, Nome: Monitor Dell UltraSharp U2723, Preço: R$ 3299.99
2026-03-29 04:51:52 [restartedMain] DEBUG c.r.s.config.DataInitializer -    - ID: 4, SKU: MOU-LOG-MX3, Nome: Mouse Logitech MX Master 3S, Preço: R$ 549.99
2026-03-29 04:51:52 [restartedMain] DEBUG c.r.s.config.DataInitializer -    - ID: 5, SKU: TEC-KEY-K2, Nome: Teclado Keychron K2, Preço: R$ 699.99
2026-03-29 04:51:52 [restartedMain] DEBUG c.r.s.config.DataInitializer -    - ID: 6, SKU: WEBCAM-LOG-C920, Nome: Webcam Logitech C920, Preço: R$ 399.99
2026-03-29 04:51:52 [restartedMain] DEBUG c.r.s.config.DataInitializer -    - ID: 7, SKU: HEAD-SON-WH4, Nome: Headset Sony WH-1000XM4, Preço: R$ 1899.99
2026-03-29 04:51:52 [restartedMain] DEBUG c.r.s.config.DataInitializer -    - ID: 8, SKU: SPK-JBL-FLIP6, Nome: Caixa de Som JBL Flip 6, Preço: R$ 599.99
2026-03-29 04:51:52 [restartedMain] INFO  c.r.s.config.DataInitializer - DataInitializer finalizado com sucesso!
